<?xml version="1.0" encoding="UTF-8"?>
<!-- Generated by org.testng.reporters.JUnitXMLReporter -->
<testsuite hostname="Prashant" ignored="0" name="Free CRM App Test Cases" tests="3" failures="0" timestamp="25 Mar 2021 10:44:08 GMT" time="20.429" errors="0">
  <testcase name="loginPageTitleTest" time="0.044" classname="com.crm.qa.testcases.LoginPageTest"/>
  <testcase name="crmLogoImageTest" time="0.205" classname="com.crm.qa.testcases.LoginPageTest"/>
  <testcase name="loginTest" time="5.377" classname="com.crm.qa.testcases.LoginPageTest"/>
</testsuite> <!-- Free CRM App Test Cases -->
