<?xml version="1.0" encoding="UTF-8"?>
<!-- Generated by org.testng.reporters.JUnitXMLReporter -->
<testsuite hostname="Prashant" ignored="0" name="Free CRM App Test Cases" tests="9" failures="0" timestamp="27 May 2021 03:46:42 GMT" time="45.57" errors="0">
  <testcase name="loginPageTitleTest" time="0.357" classname="com.crm.qa.testcases.LoginPageTest"/>
  <testcase name="crmLogoImageTest" time="0.168" classname="com.crm.qa.testcases.LoginPageTest"/>
  <testcase name="loginTest" time="8.757" classname="com.crm.qa.testcases.LoginPageTest"/>
  <testcase name="validateHomeTabTest" time="0.188" classname="com.crm.qa.testcases.DashboardPageTest"/>
  <testcase name="validateCallTabTest" time="0.147" classname="com.crm.qa.testcases.DashboardPageTest"/>
  <testcase name="validateReportsTabTest" time="0.109" classname="com.crm.qa.testcases.DashboardPageTest"/>
  <testcase name="validateUsernameTest" time="0.099" classname="com.crm.qa.testcases.DashboardPageTest"/>
  <testcase name="validateLogoTextTest" time="0.106" classname="com.crm.qa.testcases.DashboardPageTest"/>
  <testcase name="validateCountryTest" time="0.116" classname="com.crm.qa.testcases.DashboardPageTest"/>
</testsuite> <!-- Free CRM App Test Cases -->
