<?xml version="1.0" encoding="UTF-8"?>
<testng-results skipped="0" failed="0" ignored="0" total="3" passed="3">
  <reporter-output>
  </reporter-output>
  <suite name="FREE CRM Application Test Automation Test Suite" duration-ms="26317" started-at="2021-05-18T05:09:47Z" finished-at="2021-05-18T05:10:13Z">
    <groups>
    </groups>
    <test name="Free CRM App Test Cases" duration-ms="26317" started-at="2021-05-18T05:09:47Z" finished-at="2021-05-18T05:10:13Z">
      <class name="com.crm.qa.testcases.LoginPageTest">
        <test-method status="PASS" signature="setUp()[pri:0, instance:com.crm.qa.testcases.LoginPageTest@4516af24]" name="setUp" is-config="true" duration-ms="12855" started-at="2021-05-18T05:09:47Z" finished-at="2021-05-18T05:10:00Z">
          <reporter-output>
          </reporter-output>
        </test-method> <!-- setUp -->
        <test-method status="PASS" signature="loginPageTitleTest()[pri:1, instance:com.crm.qa.testcases.LoginPageTest@4516af24]" name="loginPageTitleTest" duration-ms="66" started-at="2021-05-18T05:10:00Z" finished-at="2021-05-18T05:10:00Z">
          <reporter-output>
          </reporter-output>
        </test-method> <!-- loginPageTitleTest -->
        <test-method status="PASS" signature="crmLogoImageTest()[pri:2, instance:com.crm.qa.testcases.LoginPageTest@4516af24]" name="crmLogoImageTest" duration-ms="287" started-at="2021-05-18T05:10:00Z" finished-at="2021-05-18T05:10:00Z">
          <reporter-output>
          </reporter-output>
        </test-method> <!-- crmLogoImageTest -->
        <test-method status="PASS" signature="loginTest(java.lang.String, java.lang.String)[pri:3, instance:com.crm.qa.testcases.LoginPageTest@4516af24]" name="loginTest" duration-ms="9875" started-at="2021-05-18T05:10:02Z" data-provider="getData" finished-at="2021-05-18T05:10:12Z">
          <params>
            <param index="0">
              <value>
                <![CDATA[Selenium_50]]>
              </value>
            </param>
            <param index="1">
              <value>
                <![CDATA[Abcd@123456]]>
              </value>
            </param>
          </params>
          <reporter-output>
          </reporter-output>
        </test-method> <!-- loginTest -->
        <test-method status="PASS" signature="tearDown()[pri:0, instance:com.crm.qa.testcases.LoginPageTest@4516af24]" name="tearDown" is-config="true" duration-ms="1581" started-at="2021-05-18T05:10:12Z" finished-at="2021-05-18T05:10:13Z">
          <reporter-output>
          </reporter-output>
        </test-method> <!-- tearDown -->
      </class> <!-- com.crm.qa.testcases.LoginPageTest -->
    </test> <!-- Free CRM App Test Cases -->
  </suite> <!-- FREE CRM Application Test Automation Test Suite -->
</testng-results>
