<?xml version="1.0" encoding="UTF-8"?>
<testng-results skipped="0" failed="0" ignored="0" total="4" passed="4">
  <reporter-output>
  </reporter-output>
  <suite name="FREE CRM Application Test Automation Test Suite" duration-ms="56209" started-at="2021-05-22T11:38:07Z" finished-at="2021-05-22T11:39:04Z">
    <groups>
    </groups>
    <test name="Free CRM App Test Cases" duration-ms="56209" started-at="2021-05-22T11:38:07Z" finished-at="2021-05-22T11:39:04Z">
      <class name="com.crm.qa.testcases.DashboardPageTest">
        <test-method status="PASS" signature="setUp()[pri:0, instance:com.crm.qa.testcases.DashboardPageTest@4516af24]" name="setUp" is-config="true" duration-ms="21741" started-at="2021-05-22T11:38:40Z" finished-at="2021-05-22T11:39:02Z">
          <reporter-output>
          </reporter-output>
        </test-method> <!-- setUp -->
        <test-method status="PASS" signature="validateUserTest()[pri:4, instance:com.crm.qa.testcases.DashboardPageTest@4516af24]" name="validateUserTest" duration-ms="346" started-at="2021-05-22T11:39:02Z" finished-at="2021-05-22T11:39:03Z">
          <reporter-output>
          </reporter-output>
        </test-method> <!-- validateUserTest -->
        <test-method status="PASS" signature="tearDown()[pri:0, instance:com.crm.qa.testcases.DashboardPageTest@4516af24]" name="tearDown" is-config="true" duration-ms="1135" started-at="2021-05-22T11:39:03Z" finished-at="2021-05-22T11:39:04Z">
          <reporter-output>
          </reporter-output>
        </test-method> <!-- tearDown -->
      </class> <!-- com.crm.qa.testcases.DashboardPageTest -->
      <class name="com.crm.qa.testcases.LoginPageTest">
        <test-method status="PASS" signature="setUp()[pri:0, instance:com.crm.qa.testcases.LoginPageTest@587c290d]" name="setUp" is-config="true" duration-ms="13597" started-at="2021-05-22T11:38:07Z" finished-at="2021-05-22T11:38:21Z">
          <reporter-output>
          </reporter-output>
        </test-method> <!-- setUp -->
        <test-method status="PASS" signature="loginPageTitleTest()[pri:1, instance:com.crm.qa.testcases.LoginPageTest@587c290d]" name="loginPageTitleTest" duration-ms="164" started-at="2021-05-22T11:38:21Z" finished-at="2021-05-22T11:38:21Z">
          <reporter-output>
          </reporter-output>
        </test-method> <!-- loginPageTitleTest -->
        <test-method status="PASS" signature="crmLogoImageTest()[pri:2, instance:com.crm.qa.testcases.LoginPageTest@587c290d]" name="crmLogoImageTest" duration-ms="471" started-at="2021-05-22T11:38:21Z" finished-at="2021-05-22T11:38:22Z">
          <reporter-output>
          </reporter-output>
        </test-method> <!-- crmLogoImageTest -->
        <test-method status="PASS" signature="loginTest()[pri:3, instance:com.crm.qa.testcases.LoginPageTest@587c290d]" name="loginTest" duration-ms="17324" started-at="2021-05-22T11:38:22Z" finished-at="2021-05-22T11:38:39Z">
          <reporter-output>
          </reporter-output>
        </test-method> <!-- loginTest -->
        <test-method status="PASS" signature="tearDown()[pri:0, instance:com.crm.qa.testcases.LoginPageTest@587c290d]" name="tearDown" is-config="true" duration-ms="1222" started-at="2021-05-22T11:38:39Z" finished-at="2021-05-22T11:38:40Z">
          <reporter-output>
          </reporter-output>
        </test-method> <!-- tearDown -->
      </class> <!-- com.crm.qa.testcases.LoginPageTest -->
    </test> <!-- Free CRM App Test Cases -->
  </suite> <!-- FREE CRM Application Test Automation Test Suite -->
</testng-results>
